AllDemoPhone/app/seeds.txt
cn.com.alldemophone.MainActivity
cn.com.alldemophone.MainActivity: MainActivity()
cn.com.alldemophone.MainActivity: void onClick(android.view.View)
cn.com.alldemophone.R$anim: int abc_fade_in
cn.com.alldemophone.R$anim: int abc_fade_out
cn.com.alldemophone.R$anim: int abc_grow_fade_in_from_bottom
cn.com.alldemophone.R$anim: int abc_popup_enter
cn.com.alldemophone.R$anim: int abc_popup_exit
cn.com.alldemophone.R$anim: int abc_shrink_fade_out_from_bottom
cn.com.alldemophone.R$anim: int abc_slide_in_bottom
cn.com.alldemophone.R$anim: int abc_slide_in_top
cn.com.alldemophone.R$anim: int abc_slide_out_bottom
cn.com.alldemophone.R$anim: int abc_slide_out_top
cn.com.alldemophone.R$anim: int alpha_demo
cn.com.alldemophone.R$anim: int rotate_demo
cn.com.alldemophone.R$anim: int scale_demo
cn.com.alldemophone.R$anim: int set_demo
cn.com.alldemophone.R$anim: int translate_demo
cn.com.alldemophone.R$animator: int objecttranslate_demo
cn.com.alldemophone.R$attr: int actionBarDivider
cn.com.alldemophone.R$attr: int actionBarItemBackground
cn.com.alldemophone.R$attr: int actionBarPopupTheme
cn.com.alldemophone.R$attr: int actionBarSize
cn.com.alldemophone.R$attr: int actionBarSplitStyle
cn.com.alldemophone.R$attr: int actionBarStyle
cn.com.alldemophone.R$attr: int actionBarTabBarStyle
cn.com.alldemophone.R$attr: int actionBarTabStyle
cn.com.alldemophone.R$attr: int actionBarTabTextStyle
cn.com.alldemophone.R$attr: int actionBarTheme
cn.com.alldemophone.R$attr: int actionBarWidgetTheme
cn.com.alldemophone.R$attr: int actionButtonStyle
cn.com.alldemophone.R$attr: int actionDropDownStyle
cn.com.alldemophone.R$attr: int actionLayout
cn.com.alldemophone.R$attr: int actionMenuTextAppearance
cn.com.alldemophone.R$attr: int actionMenuTextColor
cn.com.alldemophone.R$attr: int actionModeBackground
cn.com.alldemophone.R$attr: int actionModeCloseButtonStyle
cn.com.alldemophone.R$attr: int actionModeCloseDrawable
cn.com.alldemophone.R$attr: int actionModeCopyDrawable
cn.com.alldemophone.R$attr: int actionModeCutDrawable
cn.com.alldemophone.R$attr: int actionModeFindDrawable
cn.com.alldemophone.R$attr: int actionModePasteDrawable
cn.com.alldemophone.R$attr: int actionModePopupWindowStyle
cn.com.alldemophone.R$attr: int actionModeSelectAllDrawable
cn.com.alldemophone.R$attr: int actionModeShareDrawable
cn.com.alldemophone.R$attr: int actionModeSplitBackground
cn.com.alldemophone.R$attr: int actionModeStyle
cn.com.alldemophone.R$bool: int abc_action_bar_embed_tabs
cn.com.alldemophone.R$bool: int abc_action_bar_embed_tabs_pre_jb
cn.com.alldemophone.R$bool: int abc_action_bar_expanded_action_views_exclusive
cn.com.alldemophone.R$bool: int abc_config_actionMenuItemAllCaps
cn.com.alldemophone.R$bool: int abc_config_allowActionMenuItemTextWithIcon
cn.com.alldemophone.R$bool: int abc_config_closeDialogWhenTouchOutside
cn.com.alldemophone.R$bool: int abc_config_showMenuShortcutsWhenKeyboardPresent
...
android.support.v4.app.FragmentManagerState
android.support.v4.app.FragmentManagerState: android.os.Parcelable$Creator CREATOR
android.support.v4.app.FragmentState
android.support.v4.app.FragmentState: android.os.Parcelable$Creator CREATOR
android.support.v4.app.FragmentTabHost: void setOnTabChangedListener(android.widget.TabHost$OnTabChangeListener)
android.support.v4.app.FragmentTabHost$SavedState
android.support.v4.app.FragmentTabHost$SavedState: android.os.Parcelable$Creator CREATOR
android.support.v4.app.FragmentTransaction: android.support.v4.app.FragmentTransaction add(android.support.v4.app.Fragment,java.lang.String)
android.support.v4.app.FragmentTransaction: android.support.v4.app.FragmentTransaction add(int,android.support.v4.app.Fragment)
android.support.v4.app.FragmentTransaction: android.support.v4.app.FragmentTransaction add(int,android.support.v4.app.Fragment,java.lang.String)
android.support.v4.app.FragmentTransaction: android.support.v4.app.FragmentTransaction show(android.support.v4.app.Fragment)
android.support.v4.app.ListFragment
android.support.v4.app.LoaderManagerImpl$LoaderInfo: void start()
android.support.v4.app.LoaderManagerImpl$LoaderInfo: void stop()
android.support.v4.app.NotificationCompatGingerbread: android.app.Notification add(android.app.Notification,android.content.Context,java.lang.CharSequence,java.lang.CharSequence,android.app.PendingIntent,android.app.PendingIntent)
android.support.v4.app.NotificationCompatHoneycomb: android.app.Notification add(android.content.Context,android.app.Notification,java.lang.CharSequence,java.lang.CharSequence,java.lang.CharSequence,android.widget.RemoteViews,int,android.app.PendingIntent,android.app.PendingIntent,android.graphics.Bitmap)
android.support.v4.app.NotificationCompatIceCreamSandwich: android.app.Notification add(android.content.Context,android.app.Notification,java.lang.CharSequence,java.lang.CharSequence,java.lang.CharSequence,android.widget.RemoteViews,int,android.app.PendingIntent,android.app.PendingIntent,android.graphics.Bitmap,int,int,boolean)
android.support.v4.app.NotificationCompatSideChannelService
android.support.v4.content.FileProvider
android.support.v4.content.FileProvider: android.database.Cursor query(android.net.Uri,java.lang.String[],java.lang.String,java.lang.String[],java.lang.String)
android.support.v4.content.FileProvider: android.net.Uri insert(android.net.Uri,android.content.ContentValues)
android.support.v4.content.FileProvider: int update(android.net.Uri,android.content.ContentValues,java.lang.String,java.lang.String[])
android.support.v4.content.FileProvider: int delete(android.net.Uri,java.lang.String,java.lang.String[])
android.support.v4.content.ModernAsyncTask$2: java.lang.Object call()
android.support.v4.content.ModernAsyncTask$Status: android.support.v4.content.ModernAsyncTask$Status[] values()
android.support.v4.content.ModernAsyncTask$Status: android.support.v4.content.ModernAsyncTask$Status valueOf(java.lang.String)
android.support.v4.content.WakefulBroadcastReceiver
android.support.v4.media.MediaDescriptionCompat
android.support.v4.media.MediaDescriptionCompat: android.os.Parcelable$Creator CREATOR
android.support.v4.media.MediaMetadataCompat
android.support.v4.media.MediaMetadataCompat: android.os.Parcelable$Creator CREATOR
android.support.v4.media.RatingCompat
android.support.v4.media.RatingCompat: android.os.Parcelable$Creator CREATOR
android.support.v4.media.session.IMediaSession: void play()
android.support.v4.media.session.IMediaSession: void pause()
android.support.v4.media.session.IMediaSession: void stop()
android.support.v4.media.session.IMediaSession$Stub$Proxy: void play()
android.support.v4.media.session.IMediaSession$Stub$Proxy: void pause()
android.support.v4.media.session.IMediaSession$Stub$Proxy: void stop()