AllDemoPhone/app/mapping.txt
cn.com.alldemophone.Day08_06_02 -> cn.com.alldemophone.a:
    void callMethodInService() -> a
cn.com.alldemophone.Day08_06_02$Stub -> cn.com.alldemophone.b:
    android.os.IBinder asBinder() -> asBinder
    boolean onTransact(int,android.os.Parcel,android.os.Parcel,int) -> onTransact
cn.com.alldemophone.Day08_08_02 -> cn.com.alldemophone.c:
    int callSafePay(java.lang.String,java.lang.String,int) -> a
cn.com.alldemophone.Day08_08_02$Stub -> cn.com.alldemophone.d:
    android.os.IBinder asBinder() -> asBinder
    boolean onTransact(int,android.os.Parcel,android.os.Parcel,int) -> onTransact
cn.com.alldemophone.MainActivity -> cn.com.alldemophone.MainActivity:
    android.widget.Button day01 -> a
    android.widget.Button day02 -> b
    android.widget.Button day03 -> c
    android.widget.Button day04 -> d
    android.widget.Button day05 -> e
    android.widget.Button day06 -> f
    android.widget.Button day07 -> g
    android.widget.Button day08 -> h
    android.widget.Button day09 -> i
    android.widget.Button day10 -> j
    android.widget.Button day11 -> k
    void onCreate(android.os.Bundle) -> onCreate
    void findViewId() -> a
    void startActy(java.lang.Class) -> a
    void onClick(android.view.View) -> onClick
...
cn.com.activity.Day02_03$Mycx -> cn.com.activity.f:
    cn.com.activity.Day02_03 this$0 -> a
    void onClick(android.view.View) -> onClick
cn.com.activity.Day02_03$Myqd -> cn.com.activity.g:
    cn.com.activity.Day02_03 this$0 -> a
    void onClick(android.view.View) -> onClick
cn.com.activity.Day02_04 -> cn.com.activity.Day02_04:
    android.widget.EditText day02_01_edi_nc -> a
    android.widget.EditText day02_01_edi_xb -> b
    android.widget.EditText day02_01_edi_nl -> c
    android.widget.EditText day02_01_edi_xz -> d
    android.widget.EditText day02_01_edi_ah -> e
    android.widget.Button day02_01_but_qd -> f
    android.widget.Button day02_01_but_cx -> g
    void onCreate(android.os.Bundle) -> onCreate
    void cle() -> a
cn.com.activity.Day02_04$Mycxa -> cn.com.activity.h:
    cn.com.activity.Day02_04 this$0 -> a
    void onClick(android.view.View) -> onClick
cn.com.activity.Day02_04$Myqd -> cn.com.activity.i:
    cn.com.activity.Day02_04 this$0 -> a
    void onClick(android.view.View) -> onClick
cn.com.activity.Day02_05 -> cn.com.activity.Day02_05:
    void onCreate(android.os.Bundle) -> onCreate
cn.com.activity.Day02_06 -> cn.com.activity.Day02_06:
    void onCreate(android.os.Bundle) -> onCreate
    void createPrivate(android.view.View) -> createPrivate
    void createPublic(android.view.View) -> createPublic
    void createWriteOnly(android.view.View) -> createWriteOnly
    void createReadOnly(android.view.View) -> createReadOnly
cn.com.activity.Day02_07 -> cn.com.activity.Day02_07:
    android.widget.CheckBox che -> a
    android.widget.SeekBar seekbar -> b
    android.content.SharedPreferences sp -> c
    void onCreate(android.os.Bundle) -> onCreate
cn.com.activity.Day02_07$1 -> cn.com.activity.j:
    cn.com.activity.Day02_07 this$0 -> a
    void onCheckedChanged(android.widget.CompoundButton,boolean) -> onCheckedChanged
cn.com.activity.Day02_07$2 -> cn.com.activity.k:
    cn.com.activity.Day02_07 this$0 -> a
    void onProgressChanged(android.widget.SeekBar,int,boolean) -> onProgressChanged
    void onStartTrackingTouch(android.widget.SeekBar) -> onStartTrackingTouch
    void onStopTrackingTouch(android.widget.SeekBar) -> onStopTrackingTouch
cn.com.activity.Day03 -> cn.com.activity.Day03:
    android.widget.Button day03_but01 -> a
    android.widget.Button day03_but02 -> b
    android.widget.Button day03_but03 -> c
    android.widget.Button day03_but04 -> d
    android.widget.Button day03_but05 -> e
    void onCreate(android.os.Bundle) -> onCreate
    void statActivi(java.lang.Class) -> a
    void onClick(android.view.View) -> onClick
cn.com.activity.Day03_01 -> cn.com.activity.Day03_01:
    android.widget.ListView day03_lis -> a
    void onCreate(android.os.Bundle) -> onCreate
cn.com.activity.Day03_01$MyAdapter -> cn.com.activity.l:
    cn.com.activity.Day03_01 this$0 -> a
    int getCount() -> getCount
    java.lang.Object getItem(int) -> getItem
    long getItemId(int) -> getItemId
    android.view.View getView(int,android.view.View,android.view.ViewGroup) -> getView
cn.com.activity.Day03_02 -> cn.com.activity.Day03_02:
    cn.com.dao.StudentDao dao -> a
    android.widget.RadioGroup day03_02_rad_01 -> b
    android.widget.EditText day03_02_edi_01 -> c
    android.widget.EditText day03_02_edi_02 -> d
    android.widget.Button day03_02_but_01 -> e
    android.widget.ListView day03_02_lis_01 -> f
    java.util.List stus -> g
    cn.com.activity.Day03_02$MyAdapter adapter -> h
    android.widget.ImageView day03_02_ima_01 -> i
    void onCreate(android.os.Bundle) -> onCreate
    void onClick(android.view.View) -> onClick
    void refreshData() -> a
cn.com.activity.Day03_02$MyAdapter -> cn.com.activity.m:
    cn.com.activity.Day03_02 this$0 -> a
    int getCount() -> getCount
    java.lang.Object getItem(int) -> getItem
    long getItemId(int) -> getItemId
    android.view.View getView(int,android.view.View,android.view.ViewGroup) -> getView