AllDemoPhone/app/unused.txt
cn.com.alldemophone.BuildConfig
cn.com.alldemophone.Day08_06_02$Stub:
    private static final java.lang.String DESCRIPTOR
    static final int TRANSACTION_callMethodInService
    26:33:public static cn.com.alldemophone.Day08_06_02 asInterface(android.os.IBinder)
cn.com.alldemophone.Day08_06_02$Stub$Proxy
cn.com.alldemophone.Day08_08_02$Stub:
    private static final java.lang.String DESCRIPTOR
    static final int TRANSACTION_callSafePay
    25:32:public static cn.com.alldemophone.Day08_08_02 asInterface(android.os.IBinder)
cn.com.alldemophone.Day08_08_02$Stub$Proxy
cn.com.alldemophone.R
cn.com.alldemophone.R$anim
cn.com.alldemophone.R$animator
cn.com.alldemophone.R$attr
cn.com.alldemophone.R$bool
cn.com.alldemophone.R$color
cn.com.alldemophone.R$dimen
cn.com.alldemophone.R$drawable
cn.com.alldemophone.R$id
cn.com.alldemophone.R$integer
cn.com.alldemophone.R$layout
cn.com.alldemophone.R$menu
cn.com.alldemophone.R$mipmap
cn.com.alldemophone.R$raw
cn.com.alldemophone.R$string
cn.com.alldemophone.R$style
cn.com.alldemophone.R$styleable
...
android.support.v4.widget.ViewDragHelper:
    private static final java.lang.String TAG
    public static final int INVALID_POINTER
    public static final int STATE_IDLE
    public static final int STATE_DRAGGING
    public static final int STATE_SETTLING
    public static final int EDGE_LEFT
    public static final int EDGE_RIGHT
    public static final int EDGE_TOP
    public static final int EDGE_BOTTOM
    public static final int EDGE_ALL
    public static final int DIRECTION_HORIZONTAL
    public static final int DIRECTION_VERTICAL
    public static final int DIRECTION_ALL
    private static final int EDGE_SIZE
    private static final int BASE_SETTLE_DURATION
    private static final int MAX_SETTLE_DURATION
    347:347:public static android.support.v4.widget.ViewDragHelper create(android.view.ViewGroup,android.support.v4.widget.ViewDragHelper$Callback)
    360:362:public static android.support.v4.widget.ViewDragHelper create(android.view.ViewGroup,float,android.support.v4.widget.ViewDragHelper$Callback)
    115:392:private ViewDragHelper(android.content.Context,android.view.ViewGroup,android.support.v4.widget.ViewDragHelper$Callback)
    401:402:public void setMinVelocity(float)
    412:412:public float getMinVelocity()
    483:483:public int getActivePointerId()
    697:708:public void flingCapturedView(int,int,int,int)
    916:935:protected boolean canScroll(android.view.View,boolean,int,int,int,int)
    1364:1370:public boolean isEdgeTouched(int)
android.support.v4.widget.ViewDragHelper$2
android.support.v4.widget.ViewDragHelper$Callback:
    148:148:public ViewDragHelper$Callback()
android.support.v7.app.ActionBar:
    public static final int NAVIGATION_MODE_STANDARD
    public static final int NAVIGATION_MODE_LIST
    public static final int NAVIGATION_MODE_TABS
    public static final int DISPLAY_USE_LOGO
    public static final int DISPLAY_SHOW_HOME
    public static final int DISPLAY_HOME_AS_UP
    public static final int DISPLAY_SHOW_TITLE
    public static final int DISPLAY_SHOW_CUSTOM
    public abstract void setCustomView(android.view.View)
    public abstract void setCustomView(android.view.View,android.support.v7.app.ActionBar$LayoutParams)
    public abstract void setCustomView(int)
    public abstract void setIcon(int)
    public abstract void setIcon(android.graphics.drawable.Drawable)
    public abstract void setLogo(int)
    public abstract void setLogo(android.graphics.drawable.Drawable)
    public abstract void setListNavigationCallbacks(android.widget.SpinnerAdapter,android.support.v7.app.ActionBar$OnNavigationListener)
    public abstract void setSelectedNavigationItem(int)
    public abstract int getSelectedNavigationIndex()
    public abstract int getNavigationItemCount()
    public abstract void setTitle(java.lang.CharSequence)
    public abstract void setTitle(int)
    public abstract void setSubtitle(java.lang.CharSequence)
    public abstract void setSubtitle(int)
    public abstract void setDisplayOptions(int)
    public abstract void setDisplayOptions(int,int)
    public abstract void setDisplayUseLogoEnabled(boolean)
android.support.v7.app.ActionBar$DisplayOptions
android.support.v7.app.ActionBar$LayoutParams:
    1324:1342:public ActionBar$LayoutParams(int,int,int)
    1345:1346:public ActionBar$LayoutParams(int)
android.support.v7.app.ActionBar$NavigationMode
android.support.v7.app.ActionBar$OnNavigationListener